build/app/outputs/mapping/release/seeds.txt
androidx.window.embedding.SplitController: void registerRule(androidx.window.embedding.EmbeddingRule)
androidx.core.view.WindowInsetsCompat$Impl20: androidx.core.graphics.Insets getRootStableInsets()
io.flutter.embedding.engine.FlutterJNI: void attachToNative()
io.flutter.embedding.android.FlutterSplashView$SavedState: java.lang.String access$602(io.flutter.embedding.android.FlutterSplashView$SavedState,java.lang.String)
androidx.window.embedding.SplitRuleParser: java.util.Set parseSplitRules$window_release(android.content.Context,int)
io.flutter.plugin.editing.ImeSyncDeferringInsetsCallback$AnimationCallback: android.view.WindowInsets onProgress(android.view.WindowInsets,java.util.List)
androidx.window.R: R()
androidx.core.view.WindowInsetsCompat$BuilderImpl: void setSystemWindowInsets(androidx.core.graphics.Insets)
androidx.window.layout.WindowBackend: void unregisterLayoutChangeCallback(androidx.core.util.Consumer)
androidx.window.java.layout.WindowInfoTrackerCallbackAdapter$addListener$1$1: java.lang.Object invoke(java.lang.Object,java.lang.Object)
androidx.core.view.ViewCompat$Api16Impl: int getImportantForAccessibility(android.view.View)
androidx.core.view.WindowInsetsCompat$Impl: void setOverriddenInsets(androidx.core.graphics.Insets[])
io.flutter.embedding.engine.FlutterJNI: void invokePlatformMessageResponseCallback(int,java.nio.ByteBuffer,int)
kotlin.coroutines.jvm.internal.SuspendLambda: SuspendLambda(int,kotlin.coroutines.Continuation)
io.flutter.embedding.engine.FlutterJNI: void setAccessibilityFeatures(int)
androidx.window.embedding.SplitController: java.util.concurrent.locks.ReentrantLock access$getGlobalLock$cp()
io.flutter.view.AccessibilityViewEmbedder: boolean onAccessibilityHoverEvent(int,android.view.MotionEvent)
android.support.v4.app.RemoteActionCompatParcelizer: RemoteActionCompatParcelizer()
androidx.core.view.WindowInsetsCompat$BuilderImpl: androidx.core.view.WindowInsetsCompat build()
androidx.window.core.Bounds: int getTop()
kotlin.coroutines.jvm.internal.ContinuationImpl: void releaseIntercepted()
androidx.window.layout.FoldingFeature$Orientation$Companion: FoldingFeature$Orientation$Companion()
androidx.window.embedding.EmbeddingBackend: void setSplitRules(java.util.Set)
androidx.window.layout.FoldingFeature$Orientation: FoldingFeature$Orientation(java.lang.String)
com.google.common.base.Function: boolean equals(java.lang.Object)
io.flutter.embedding.engine.mutatorsstack.FlutterMutatorsStack: void pushTransform(float[])
androidx.window.core.Version: int compareTo(androidx.window.core.Version)
io.flutter.view.AccessibilityViewEmbedder: boolean requestSendAccessibilityEvent(android.view.View,android.view.View,android.view.accessibility.AccessibilityEvent)
androidx.window.layout.SidecarWindowBackend: void callbackRemovedForActivity(android.app.Activity)
androidx.window.layout.EmptyDecorator: androidx.window.layout.WindowInfoTracker decorate(androidx.window.layout.WindowInfoTracker)
io.flutter.plugins.camera.features.exposurelock.ExposureMode: io.flutter.plugins.camera.features.exposurelock.ExposureMode[] values()
kotlin.jvm.internal.CallableReference: java.util.List getTypeParameters()
io.flutter.embedding.engine.FlutterJNI: void nativeInit(android.content.Context,java.lang.String[],java.lang.String,java.lang.String,java.lang.String,long)
androidx.window.layout.HardwareFoldingFeature: androidx.window.layout.HardwareFoldingFeature$Type getType$window_release()
io.flutter.embedding.engine.FlutterJNI: boolean nativeFlutterTextUtilsIsEmojiModifierBase(int)
android.support.v4.graphics.drawable.IconCompatParcelizer: void write(androidx.core.graphics.drawable.IconCompat,androidx.versionedparcelable.VersionedParcel)
io.flutter.embedding.engine.FlutterOverlaySurface: FlutterOverlaySurface(int,android.view.Surface)
io.flutter.embedding.engine.FlutterOverlaySurface: int getId()