build/app/outputs/mapping/release/mapping.txt
# compiler: R8
# compiler_version: 3.0.76
# min_api: 21
# pg_map_id: cbddf27
# common_typos_disable
...
r.DefaultDrmSession$$ExternalSyntheticLambda2 -> r.d:
    com.google.android.exoplayer2.drm.DefaultDrmSession$$InternalSyntheticLambda$3$2f1cf269071db6b9caa06f01bf7d6f39faaa70a3a7d5e31836e0c5cd19716071$1 com.google.android.exoplayer2.drm.DefaultDrmSession$$InternalSyntheticLambda$3$2f1cf269071db6b9caa06f01bf7d6f39faaa70a3a7d5e31836e0c5cd19716071$1.INSTANCE -> a
    void com.google.android.exoplayer2.drm.DefaultDrmSession$$InternalSyntheticLambda$3$2f1cf269071db6b9caa06f01bf7d6f39faaa70a3a7d5e31836e0c5cd19716071$1.<clinit>() -> <clinit>
    void com.google.android.exoplayer2.drm.DefaultDrmSession$$InternalSyntheticLambda$3$2f1cf269071db6b9caa06f01bf7d6f39faaa70a3a7d5e31836e0c5cd19716071$1.<init>() -> <init>
    void com.google.android.exoplayer2.drm.DefaultDrmSession$$InternalSyntheticLambda$3$2f1cf269071db6b9caa06f01bf7d6f39faaa70a3a7d5e31836e0c5cd19716071$1.accept(java.lang.Object) -> accept
r.DefaultDrmSession$$ExternalSyntheticLambda3 -> r.e:
    com.google.android.exoplayer2.drm.DefaultDrmSession$$InternalSyntheticLambda$3$2f1cf269071db6b9caa06f01bf7d6f39faaa70a3a7d5e31836e0c5cd19716071$0 com.google.android.exoplayer2.drm.DefaultDrmSession$$InternalSyntheticLambda$3$2f1cf269071db6b9caa06f01bf7d6f39faaa70a3a7d5e31836e0c5cd19716071$0.INSTANCE -> a
    void com.google.android.exoplayer2.drm.DefaultDrmSession$$InternalSyntheticLambda$3$2f1cf269071db6b9caa06f01bf7d6f39faaa70a3a7d5e31836e0c5cd19716071$0.<clinit>() -> <clinit>
    void com.google.android.exoplayer2.drm.DefaultDrmSession$$InternalSyntheticLambda$3$2f1cf269071db6b9caa06f01bf7d6f39faaa70a3a7d5e31836e0c5cd19716071$0.<init>() -> <init>
    void com.google.android.exoplayer2.drm.DefaultDrmSession$$InternalSyntheticLambda$3$2f1cf269071db6b9caa06f01bf7d6f39faaa70a3a7d5e31836e0c5cd19716071$0.accept(java.lang.Object) -> accept
r.DefaultDrmSession$$ExternalSyntheticLambda4 -> r.f:
    com.google.android.exoplayer2.drm.DefaultDrmSession$$InternalSyntheticLambda$3$b4b8289365edd326fcd1a5217a71d2fe1922826584072f46512d7079d9c2bd5e$0 com.google.android.exoplayer2.drm.DefaultDrmSession$$InternalSyntheticLambda$3$b4b8289365edd326fcd1a5217a71d2fe1922826584072f46512d7079d9c2bd5e$0.INSTANCE -> a
    void com.google.android.exoplayer2.drm.DefaultDrmSession$$InternalSyntheticLambda$3$b4b8289365edd326fcd1a5217a71d2fe1922826584072f46512d7079d9c2bd5e$0.<clinit>() -> <clinit>
    void com.google.android.exoplayer2.drm.DefaultDrmSession$$InternalSyntheticLambda$3$b4b8289365edd326fcd1a5217a71d2fe1922826584072f46512d7079d9c2bd5e$0.<init>() -> <init>
    void com.google.android.exoplayer2.drm.DefaultDrmSession$$InternalSyntheticLambda$3$b4b8289365edd326fcd1a5217a71d2fe1922826584072f46512d7079d9c2bd5e$0.accept(java.lang.Object) -> accept
r.DefaultDrmSessionManager$PreacquiredSessionReference$$ExternalSyntheticLambda0 -> r.i:
    com.google.android.exoplayer2.drm.DefaultDrmSessionManager$PreacquiredSessionReference com.google.android.exoplayer2.drm.DefaultDrmSessionManager$PreacquiredSessionReference$$InternalSyntheticLambda$3$3ae6579bab0ebd2a7fb1a32274d2a1aee68b5a4633b436a29b1cd20fa8de20d0$0.f$0 -> e
    void com.google.android.exoplayer2.drm.DefaultDrmSessionManager$PreacquiredSessionReference$$InternalSyntheticLambda$3$3ae6579bab0ebd2a7fb1a32274d2a1aee68b5a4633b436a29b1cd20fa8de20d0$0.<init>(com.google.android.exoplayer2.drm.DefaultDrmSessionManager$PreacquiredSessionReference) -> <init>
    void com.google.android.exoplayer2.drm.DefaultDrmSessionManager$PreacquiredSessionReference$$InternalSyntheticLambda$3$3ae6579bab0ebd2a7fb1a32274d2a1aee68b5a4633b436a29b1cd20fa8de20d0$0.run() -> run