build/app/outputs/mapping/release/usage.txt
com.google.common.collect.Iterators$6
com.google.common.collect.Iterators$7
com.google.common.collect.Iterators$8
com.google.common.collect.Iterators$ArrayItr
com.google.common.collect.Iterators$ConcatenatedIterator
com.google.common.collect.Iterators$MergingIterator$1
com.google.common.collect.Iterators$MergingIterator
com.google.common.collect.Iterators$PeekingImpl
com.google.common.collect.Iterators:
    private void <init>()
    public static int advance(java.util.Iterator,int)
    public static boolean all(java.util.Iterator,com.google.common.base.Predicate)
    public static java.util.Enumeration asEnumeration(java.util.Iterator)
    static java.util.ListIterator cast(java.util.Iterator)
    static void checkNonnegative(int)
    public static java.util.Iterator concat(java.util.Iterator)
    public static java.util.Iterator concat(java.util.Iterator,java.util.Iterator)
    public static java.util.Iterator concat(java.util.Iterator,java.util.Iterator,java.util.Iterator)
    public static java.util.Iterator concat(java.util.Iterator,java.util.Iterator,java.util.Iterator,java.util.Iterator)
    public static varargs java.util.Iterator concat(java.util.Iterator[])
    static varargs java.util.Iterator concatNoDefensiveCopy(java.util.Iterator[])
    private static varargs java.util.Iterator consumingForArray(java.util.Iterator[])
    public static java.util.Iterator consumingIterator(java.util.Iterator)
    public static java.util.Iterator cycle(java.lang.Iterable)
    public static varargs java.util.Iterator cycle(java.lang.Object[])
    static com.google.common.collect.UnmodifiableIterator emptyIterator()
    static com.google.common.collect.UnmodifiableListIterator emptyListIterator()
    public static com.google.common.collect.UnmodifiableIterator filter(java.util.Iterator,java.lang.Class)
com.google.common.collect.LexicographicalOrdering
com.google.common.collect.LinkedHashMultimap$1
com.google.common.collect.LinkedHashMultimap$ValueEntry
com.google.common.collect.LinkedHashMultimap$ValueSet$1
com.google.common.collect.LinkedHashMultimap$ValueSet
com.google.common.collect.LinkedHashMultimap$ValueSetLink
com.google.common.collect.LinkedHashMultimap
com.google.common.collect.LinkedHashMultimapGwtSerializationDependencies
com.google.common.collect.LinkedHashMultiset
com.google.common.collect.LinkedListMultimap$1
com.google.common.collect.LinkedListMultimap$1EntriesImpl
com.google.common.collect.LinkedListMultimap$1KeySetImpl
com.google.common.collect.LinkedListMultimap$1ValuesImpl$1
com.google.common.collect.LinkedListMultimap$1ValuesImpl
com.google.common.collect.LinkedListMultimap$DistinctKeyIterator
com.google.common.collect.LinkedListMultimap$KeyList
com.google.common.collect.LinkedListMultimap$Node
com.google.common.collect.LinkedListMultimap$NodeIterator
com.google.common.collect.LinkedListMultimap$ValueForKeyIterator
com.google.common.collect.LinkedListMultimap
com.google.common.collect.ListMultimap:
    public abstract java.util.Map asMap()
    public abstract boolean equals(java.lang.Object)
    public synthetic bridge java.util.Collection get(java.lang.Object)
    public abstract java.util.List get(java.lang.Object)
    public synthetic bridge java.util.Collection removeAll(java.lang.Object)
    public abstract java.util.List removeAll(java.lang.Object)
    public synthetic bridge java.util.Collection replaceValues(java.lang.Object,java.lang.Iterable)
    public abstract java.util.List replaceValues(java.lang.Object,java.lang.Iterable)
com.google.common.collect.Lists$1
com.google.common.collect.Lists$2
com.google.common.collect.Lists$AbstractListWrapper
com.google.common.collect.Lists$CharSequenceAsList
com.google.common.collect.Lists$OnePlusArrayList
com.google.common.collect.Lists$Partition
com.google.common.collect.Lists$RandomAccessListWrapper
com.google.common.collect.Lists$RandomAccessPartition
com.google.common.collect.Lists$RandomAccessReverseList
com.google.common.collect.Lists$ReverseList$1